"../../../Engine/Content/Functions/Engine_MaterialFunctions01/Opacity/CameraDepthFade.uasset" 0
"../../../Engine/Content/EngineMaterials/T_Default_Material_Grid_M.uasset" 1
"../../../Engine/Content/EngineMaterials/T_Default_Material_Grid_N.uasset" 2
"../../../Engine/Content/EngineMaterials/WorldGridMaterial.uasset" 3
"../../../Engine/Content/BasicShapes/Cube.uasset" 4
"../../../Engine/Content/EngineMaterials/DefaultMaterial.uasset" 5
"../../../Engine/Content/BasicShapes/Cylinder.uasset" 6
"../../../Engine/Content/BasicShapes/Sphere.uasset" 7
"../../../Engine/Content/EditorLandscapeResources/DataLayer.uasset" 8
"../../../Engine/Content/EditorMaterials/GizmoMaterial.uasset" 9
"../../../Engine/Content/EditorMaterials/MAT_Groups_Toggle.uasset" 10
"../../../Engine/Content/EditorMaterials/MAT_Groups_Visibility.uasset" 11
"../../../Engine/Content/EditorMaterials/PreviewShadowIndicator.uasset" 12
"../../../Engine/Content/EditorMaterials/PreviewShadowIndicatorMaterial.uasset" 13
"../../../Engine/Content/EditorMaterials/AssetViewer/EpicQuadPanorama_CC+EV1.uasset" 14
"../../../Engine/Content/EditorMaterials/MatineeGroups/MAT_ColorTrack.uasset" 15
"../../../Engine/Content/EditorMaterials/MatineeGroups/MAT_Groups_Anim.uasset" 16
"../../../Engine/Content/EditorMaterials/MatineeGroups/MAT_Groups_AudioMaster.uasset" 17
"../../../Engine/Content/EditorMaterials/MatineeGroups/MAT_Groups_Director.uasset" 18
"../../../Engine/Content/EditorMaterials/MatineeGroups/MAT_Groups_Event.uasset" 19
"../../../Engine/Content/EditorMaterials/MatineeGroups/MAT_Groups_Fade.uasset" 20
"../../../Engine/Content/EditorMaterials/MatineeGroups/MAT_Groups_Float.uasset" 21
"../../../Engine/Content/EditorMaterials/MatineeGroups/MAT_Groups_Move.uasset" 22
"../../../Engine/Content/EditorMaterials/MatineeGroups/MAT_Groups_Slomo.uasset" 23
"../../../Engine/Content/EditorMaterials/MatineeGroups/MAT_Groups_Sound.uasset" 24
"../../../Engine/Content/EditorMaterials/MatineeGroups/MAT_Groups_Vector.uasset" 25
"../../../Engine/Content/EditorMaterials/ParticleSystems/PSysThumbnail_NoImage.uasset" 26
"../../../Engine/Content/EditorMaterials/ParticleSystems/PSysThumbnail_OOD.uasset" 27
"../../../Engine/Content/EditorMaterials/Camera/CineMat.uasset" 28
"../../../Engine/Content/EditorMaterials/Camera/MI_CineMat_Rig.uasset" 29
"../../../Engine/Content/EditorMeshes/Camera/SM_CraneRig_Arm.uasset" 30
"../../../Engine/Content/EditorMeshes/Camera/SM_CraneRig_Base.uasset" 31
"../../../Engine/Content/EditorMeshes/Camera/SM_CraneRig_Body.uasset" 32
"../../../Engine/Content/EditorMeshes/Camera/SM_CraneRig_Mount.uasset" 33
"../../../Engine/Content/EditorMeshes/Camera/SM_RailRig_Mount.uasset" 34
"../../../Engine/Content/EditorMeshes/Camera/SM_RailRig_Track.uasset" 35
"../../../Engine/Content/EditorResources/BSPVertex.uasset" 36
"../../../Engine/Content/EditorResources/EmptyActor.uasset" 37
"../../../Engine/Content/EditorResources/RGBTable16x1_AssetViewer.uasset" 38
"../../../Engine/Content/EditorResources/S_Actor.uasset" 39
"../../../Engine/Content/EditorResources/S_Trigger.uasset" 40
"../../../Engine/Content/EditorResources/AudioIcons/S_AudioComponent_AutoActivate.uasset" 41
"../../../Engine/Content/EditorResources/LightIcons/S_LightError.uasset" 42
"../../../Engine/Content/EditorResources/SequenceRecorder/Countdown.uasset" 43
"../../../Engine/Content/EditorResources/SequenceRecorder/RecordingIndicator.uasset" 44
"../../../Engine/Content/EditorSounds/Notifications/CompileFailed.uasset" 45
"../../../Engine/Content/EditorSounds/Notifications/CompileFailed_Cue.uasset" 46
"../../../Engine/Content/EditorSounds/Notifications/CompileSuccess.uasset" 47
"../../../Engine/Content/EditorSounds/Notifications/CompileStart_Cue.uasset" 48
"../../../Engine/Content/EditorSounds/Notifications/CompileSuccess_Cue.uasset" 49
"../../../Engine/Content/EngineDamageTypes/DmgTypeBP_Environmental.uasset" 50
"../../../Engine/Content/EngineDebugMaterials/HeatmapGradient.uasset" 51
"../../../Engine/Content/EngineDebugMaterials/BoneWeightMaterial.uasset" 52
"../../../Engine/Content/EngineDebugMaterials/DebugMeshMaterial.uasset" 53
"../../../Engine/Content/EngineDebugMaterials/GeomMaterial.uasset" 54
"../../../Engine/Content/EngineFonts/Roboto.uasset" 55
"../../../Engine/Content/EngineFonts/RobotoTiny.uasset" 56
"../../../Engine/Content/EngineMaterials/DefaultBokeh.uasset" 57
"../../../Engine/Content/EngineMaterials/DefaultDiffuse.uasset" 58
"../../../Engine/Content/EngineMaterials/DefaultDeferredDecalMaterial.uasset" 59
"../../../Engine/Content/EngineMaterials/DefaultLightFunctionMaterial.uasset" 60
"../../../Engine/Content/Functions/Engine_MaterialFunctions02/Utility/BreakOutFloat2Components.uasset" 61
"../../../Engine/Content/EngineMaterials/DefaultPostProcessMaterial.uasset" 62
"../../../Engine/Content/EngineFonts/RobotoDistanceField.uasset" 63
"../../../Engine/Content/EngineMaterials/DefaultTextMaterialOpaque.uasset" 64
"../../../Engine/Content/EngineMaterials/DefaultWhiteGrid.uasset" 65
"../../../Engine/Content/EngineMaterials/EditorBrushMaterial.uasset" 66
"../../../Engine/Content/EngineMaterials/Good64x64TilingNoiseHighFreq.uasset" 67
"../../../Engine/Content/EngineMaterials/MiniFont.uasset" 68
"../../../Engine/Content/EngineMaterials/InvalidLightmapSettings.uasset" 69
"../../../Engine/Content/EngineMaterials/M_InvalidLightmapSettings.uasset" 70
"../../../Engine/Content/EngineMaterials/PhAT_JointLimitMaterial.uasset" 71
"../../../Engine/Content/EngineMaterials/PreintegratedSkinBRDF.uasset" 72
"../../../Engine/Content/EngineMaterials/RemoveSurfaceMaterial.uasset" 73
"../../../Engine/Content/EngineMaterials/WeightMapPlaceholderTexture.uasset" 74
"../../../Engine/Content/EngineResources/WhiteSquareTexture.uasset" 75
"../../../Engine/Content/EngineMaterials/Widget3DPassThrough.uasset" 76
"../../../Engine/Content/EngineMaterials/Widget3DPassThrough_Masked.uasset" 77
"../../../Engine/Content/EngineMaterials/Widget3DPassThrough_Opaque.uasset" 78
"../../../Engine/Content/EngineMaterials/Widget3DPassThrough_Masked_OneSided.uasset" 79
"../../../Engine/Content/EngineMaterials/Widget3DPassThrough_Opaque_OneSided.uasset" 80
"../../../Engine/Content/EngineMaterials/Widget3DPassThrough_Translucent.uasset" 81
"../../../Engine/Content/EngineMaterials/Widget3DPassThrough_Translucent_OneSided.uasset" 82
"../../../Engine/Content/EngineMeshes/Cube.uasset" 83
"../../../Engine/Content/EngineMeshes/Cylinder.uasset" 84
"../../../Engine/Content/EngineMeshes/Sphere.uasset" 85
"../../../Engine/Content/EngineResources/AICON-Green.uasset" 86
"../../../Engine/Content/EngineResources/AICON-Red.uasset" 87
"../../../Engine/Content/EngineResources/Black.uasset" 88
"../../../Engine/Content/EngineResources/DefaultTexture.uasset" 89
"../../../Engine/Content/EngineResources/DefaultTextureCube.uasset" 90
"../../../Engine/Content/EngineResources/GradientTexture0.uasset" 91
"../../../Engine/Content/EngineSounds/Master.uasset" 92
"../../../Engine/Content/EngineSounds/MasterSubmix.uasset" 93
"../../../Engine/Content/EngineTireTypes/DefaultTireType.uasset" 94
"../../../Engine/Content/Functions/Engine_MaterialFunctions01/Shading/ConvertFromDiffSpec.uasset" 95
"../../../Engine/Content/Functions/Engine_MaterialFunctions01/Shading/PowerToRoughness.uasset" 96
"../../../Engine/Content/Maps/Templates/Thumbnails/Default.uasset" 97
"../../../Engine/Content/Maps/Templates/Thumbnails/VR-Basic.uasset" 98
"../../../Engine/Content/MobileResources/T_MobileControls_texture.uasset" 99
"../../../Engine/Content/MobileResources/T_MobileMenu2.uasset" 100
"../../../Engine/Content/MobileResources/HUD/AnalogHat.uasset" 101
"../../../Engine/Content/MobileResources/HUD/VirtualJoystick_Background.uasset" 102
"../../../Engine/Content/MobileResources/HUD/VirtualJoystick_Thumb.uasset" 103
"../../../Engine/Content/MobileResources/HUD/DefaultVirtualJoysticks.uasset" 104
"../../../Engine/Content/MobileResources/HUD/LeftVirtualJoystickOnly.uasset" 105
"../../../Engine/Content/MobileResources/HUD/MobileHUDButton1_off.uasset" 106
"../../../Engine/Content/MobileResources/HUD/MobileHUDButton1_on.uasset" 107
"../../../Engine/Content/MobileResources/HUD/MobileHUDButton2_off.uasset" 108
"../../../Engine/Content/MobileResources/HUD/MobileHUDButton2_on.uasset" 109
"../../../Engine/Content/MobileResources/HUD/MobileHUDButton3.uasset" 110
"../../../Engine/Content/MobileResources/HUD/MobileHUDButtonFire.uasset" 111
"../../../Engine/Content/MobileResources/HUD/MobileHUDDirectionPad.uasset" 112
"../../../Engine/Content/MobileResources/HUD/MobileHUDDirectionPad2.uasset" 113
"../../../Engine/Content/MobileResources/HUD/MobileHUDDirectionPad3.uasset" 114
"../../../Engine/Content/MobileResources/HUD/MobileHUDDirectionStick.uasset" 115
"../../../Engine/Content/MobileResources/HUD/T_Castle_ThumbstickInner.uasset" 116
"../../../Engine/Content/MobileResources/HUD/T_Castle_ThumbstickOutter.uasset" 117
"../../../Engine/Content/Tutorial/ContentIntroCurve.uasset" 118
"../../../Engine/Content/Tutorial/Basics/TutorialAssets/icon_tab_Levels_40x.uasset" 119
"../../../Engine/Content/Tutorial/BlueprintTutorials/TutorialAssets/BlueprintInterface_64x.uasset" 120
"../../../Engine/Content/Tutorial/BlueprintTutorials/TutorialAssets/BlueprintMacroLibrary_64x.uasset" 121
"../../../Engine/Content/Tutorial/BlueprintTutorials/TutorialAssets/Blueprint_64x.uasset" 122
"../../../Engine/Content/Tutorial/BlueprintTutorials/TutorialAssets/Tutorial_BP_Interface.uasset" 123
"../../../Engine/Content/Tutorial/Foliage/TutorialAssets/Foliage.uasset" 124
"../../../Engine/Content/Tutorial/Landscape/TutorialAssets/Landscape.uasset" 125
"../../../Engine/Content/Tutorial/Paper2D/TutorialAssets/Paper2DFlipbook_TutorialIcon.uasset" 126
"../../../Engine/Content/Tutorial/Paper2D/TutorialAssets/Paper2DSprite_TutorialIcon.uasset" 127
"../../../Engine/Content/Tutorial/SubEditors/TutorialAssets/icon_Editor_Preferences_General_40x.uasset" 128
"../../../Engine/Content/Tutorial/SubEditors/TutorialAssets/icon_ShowSkeletalMeshes_40x.uasset" 129
"../../../Engine/Content/Tutorial/SubEditors/TutorialAssets/TutorialMaterial.uasset" 130
"../../../Engine/Content/Tutorial/SubEditors/TutorialAssets/T_SmokeSubUV_8X8.uasset" 131
"../../../Engine/Content/Tutorial/SubEditors/TutorialAssets/T_soft_smoke.uasset" 132
"../../../Engine/Content/Tutorial/SubEditors/TutorialAssets/M_smoke_subUV_blackbody.uasset" 133
"../../../Engine/Content/Tutorial/SubEditors/TutorialAssets/TutorialParticleSystem.uasset" 134
"../../../Engine/Content/EditorMeshes/EditorCube.uasset" 135
"../../../Engine/Content/Tutorial/SubEditors/TutorialAssets/Tutorial_DM.uasset" 136
"../../../Engine/Content/VREditor/Devices/Generic/GenericHMDMaterial.uasset" 137
"../../../Engine/Content/VREditor/Devices/Generic/GenericHMD.uasset" 138
"../../../Engine/Content/VREditor/FloatingText/LineMaterial.uasset" 139
"../../../Engine/Content/VREditor/FloatingText/JointSphere.uasset" 140
"../../../Engine/Content/VREditor/FloatingText/LineSegmentCylinder.uasset" 141
"../../../Engine/Content/VREditor/Fonts/VRText_RobotoLarge.uasset" 142
"../../../Engine/Content/VREditor/Fonts/VRTextMaterial.uasset" 143
"../../../Engine/Content/VREditor/Fonts/TranslucentVRTextMaterial.uasset" 144
"../../../Engine/Content/VREditor/LaserPointer/VR_LaserPower_01.uasset" 145
"../../../Engine/Content/VREditor/LaserPointer/LaserPointerMaterial.uasset" 146
"../../../Engine/Content/VREditor/LaserPointer/LaserPointerMaterialInst.uasset" 147
"../../../Engine/Content/VREditor/LaserPointer/TranslucentLaserPointerMaterialInst.uasset" 148
"../../../Engine/Content/VREditor/LaserPointer/LaserPointerMesh.uasset" 149
"../../../Engine/Content/VREditor/Sounds/VR_grab_Cue.uasset" 150
"../../../Engine/Content/VREditor/Sounds/VR_teleport_Cue.uasset" 151
"../../../Engine/Content/VREditor/TransformGizmo/TransformGizmoMaterial.uasset" 152
"../../../Engine/Content/VREditor/TransformGizmo/TranslucentTransformGizmoMaterial.uasset" 153
"../../../Engine/Content/VREditor/TransformGizmo/BoundingBoxCorner.uasset" 154
"../../../Engine/Content/VREditor/TransformGizmo/BoundingBoxEdge.uasset" 155
"../../../Engine/Content/VREditor/TransformGizmo/PlaneTranslationHandle.uasset" 156
"../../../Engine/Content/VREditor/TransformGizmo/RotationHandle.uasset" 157
"../../../Engine/Content/VREditor/TransformGizmo/RotationHandleFull.uasset" 158
"../../../Engine/Content/VREditor/TransformGizmo/StretchingHandle.uasset" 159
"../../../Engine/Content/VREditor/TransformGizmo/TranslateHandleLong.uasset" 160
"../../../Engine/Content/VREditor/TransformGizmo/TranslationHandle.uasset" 161
"../../../Engine/Content/VREditor/TransformGizmo/UniformScaleHandle.uasset" 162
"../../../Engine/Content/VREditor/UI/CloseButtonMesh.uasset" 163
"../../../Engine/Content/VREditor/UI/SelectionBarMesh.uasset" 164
"../../../Engine/Content/Functions/Engine_MaterialFunctions01/Gradient/RadialGradient.uasset" 165
"../../../Engine/Content/VREditor/WorldMovementGrid/SimpleGrid.uasset" 166
"../../../Engine/Content/VREditor/WorldMovementGrid/GridMaterial.uasset" 167
"../../../Engine/Content/Functions/Engine_MaterialFunctions01/Density/ExponentialDensity.uasset" 168
"../../../Engine/Content/VREditor/WorldMovementGrid/GridPostProcess.uasset" 169
"../../../Engine/Content/EditorLandscapeResources/FlattenHeightMat.uasset" 170
"../../../Engine/Content/VREditor/WorldMovementGrid/PlaneMesh.uasset" 171
"../../../Engine/Plugins/2D/Paper2D/Content/DummySprite.uasset" 172
"../../../Engine/Plugins/2D/Paper2D/Content/DefaultPaperTerrainMaterial.uasset" 173
"../../../Engine/Plugins/2D/Paper2D/Content/DefaultSpriteMaterial.uasset" 174
"../../../Engine/Plugins/2D/Paper2D/Content/MaskedUnlitSpriteMaterial.uasset" 175
"../../../Engine/Plugins/2D/Paper2D/Content/OpaqueUnlitSpriteMaterial.uasset" 176
"../../../Engine/Plugins/2D/Paper2D/Content/PlaceholderTextures/DummySpriteTexture.uasset" 177
"../../../HouseOfHorrors/Content/HouseOfHorror/Meshes/Mannequin/Character/Mesh/SK_Mannequin_Skeleton.uasset" 178
"../../../HouseOfHorrors/Content/HouseOfHorror/Meshes/Mannequin/Animations/ThirdPersonJump_End.uasset" 179
"../../../HouseOfHorrors/Content/HouseOfHorror/Meshes/Mannequin/Animations/ThirdPersonJump_Loop.uasset" 180
"../../../HouseOfHorrors/Content/HouseOfHorror/Meshes/Mannequin/Animations/ThirdPersonJump_Start.uasset" 181
"../../../HouseOfHorrors/Content/HouseOfHorror/Meshes/Mannequin/Animations/ThirdPersonIdle.uasset" 182
"../../../HouseOfHorrors/Content/HouseOfHorror/Meshes/Mannequin/Animations/ThirdPersonRun.uasset" 183
"../../../HouseOfHorrors/Content/HouseOfHorror/Meshes/Mannequin/Animations/ThirdPersonWalk.uasset" 184
"../../../HouseOfHorrors/Content/HouseOfHorror/Meshes/Mannequin/Animations/ThirdPerson_IdleRun_2D.uasset" 185
"../../../Engine/Content/EditorBlueprintResources/StandardMacros.uasset" 186
"../../../HouseOfHorrors/Content/HouseOfHorror/Meshes/Mannequin/Animations/ThirdPerson_AnimBP.uasset" 187
"../../../HouseOfHorrors/Content/HouseOfHorror/Blueprints/InventorySystem/ActionInterface.uasset" 188
"../../../HouseOfHorrors/Content/HouseOfHorror/Textures/Icons/Screwdriver_ICON.uasset" 189
"../../../HouseOfHorrors/Content/HouseOfHorror/Blueprints/InventorySystem/InventorySlot.uasset" 190
"../../../HouseOfHorrors/Content/HouseOfHorror/Blueprints/InventorySystem/InventoryStruct.uasset" 191
"../../../HouseOfHorrors/Content/HouseOfHorror/Blueprints/Utility/GameHUD.uasset" 192
"../../../HouseOfHorrors/Content/HouseOfHorror/Blueprints/Architecture/BP_Interact.uasset" 193
"../../../HouseOfHorrors/Content/HouseOfHorror/Blueprints/Architecture/BP_Architecture.uasset" 194
"../../../HouseOfHorrors/Content/HouseOfHorror/Blueprints/Architecture/BP_InteractableArchitecture.uasset" 195
"../../../HouseOfHorrors/Content/HouseOfHorror/Blueprints/Character/LayoutVRUtilityFunctions.uasset" 196
"../../../Engine/Content/Functions/Engine_MaterialFunctions02/Utility/BlendAngleCorrectedNormals.uasset" 197
"../../../Engine/Content/Functions/MaterialLayerFunctions/MatLayerBlend_BakedNormal.uasset" 198
"../../../Engine/Content/Functions/MaterialLayerFunctions/MatLayerBlend_RoughnessOverride.uasset" 199
"../../../Engine/Content/Functions/MaterialLayerFunctions/MatLayerBlend_Standard.uasset" 200
"../../../Engine/Content/Functions/MaterialLayerFunctions/MatLayerBlend_TintAllChannels.uasset" 201
"../../../HouseOfHorrors/Content/Character/Trooper/Textures/T_BlackLeather.uasset" 202
"../../../HouseOfHorrors/Content/Character/Trooper/Textures/T_BlackLeather_N.uasset" 203
"../../../HouseOfHorrors/Content/Character/Trooper/MaterialLayers/ML_Black_leather.uasset" 204
"../../../HouseOfHorrors/Content/Character/Trooper/Textures/T_COG_NylonFabric01_N.uasset" 205
"../../../HouseOfHorrors/Content/Character/Trooper/Textures/T_Metal01.uasset" 206
"../../../HouseOfHorrors/Content/Character/Trooper/MaterialLayers/ML_Black_Nylon.uasset" 207
"../../../HouseOfHorrors/Content/Character/Trooper/Textures/T_flatnormal.uasset" 208
"../../../HouseOfHorrors/Content/Character/Trooper/MaterialLayers/ML_BlackPlastic.uasset" 209
"../../../HouseOfHorrors/Content/Character/Trooper/MaterialLayers/ML_Metal_02.uasset" 210
"../../../HouseOfHorrors/Content/Character/Trooper/Textures/T_Rubber.uasset" 211
"../../../HouseOfHorrors/Content/Character/Trooper/MaterialLayers/ML_Rubber.uasset" 212
"../../../HouseOfHorrors/Content/Character/Trooper/Textures/T_MET_Trooper_Body_AO.uasset" 213
"../../../HouseOfHorrors/Content/Character/Trooper/Textures/T_MET_Trooper_Body_Detail_Mask.uasset" 214
"../../../HouseOfHorrors/Content/Character/Trooper/Textures/T_MET_Trooper_Body_Mask.uasset" 215
"../../../HouseOfHorrors/Content/Character/Trooper/Textures/T_MET_Trooper_Body_N.uasset" 216
"../../../HouseOfHorrors/Content/Character/Trooper/Textures/T_MET_Trooper_Body_Roughness.uasset" 217
"../../../HouseOfHorrors/Content/Character/Trooper/Materials/M_MET_Trooper_Body2.uasset" 218
"../../../HouseOfHorrors/Content/Character/Trooper/Materials/Normal_Inst/Troop2/M_MET_Trooper_Body2_Inst.uasset" 219
"../../../HouseOfHorrors/Content/HouseOfHorror/Audio/Active/Corpses/Mummy_Zombie.uasset" 220
"../../../HouseOfHorrors/Content/HouseOfHorror/Blueprints/Characters/BP_Corpse_Bob.uasset" 221
"../../../Engine/Content/Functions/MaterialLayerFunctions/MatLayerBlend_Simple.uasset" 222
"../../../HouseOfHorrors/Content/Character/Trooper/MaterialLayers/ML_Metal_01.uasset" 223
"../../../HouseOfHorrors/Content/Character/Trooper/Textures/T_Metal_white_metal.uasset" 224
"../../../HouseOfHorrors/Content/Character/Trooper/MaterialLayers/ML_Whiteplastic.uasset" 225
"../../../HouseOfHorrors/Content/Character/Trooper/Textures/T_MET_Trooper_Masked_Fulltime_AO.uasset" 226
"../../../HouseOfHorrors/Content/Character/Trooper/Textures/T_MET_Trooper_Masked_Fulltime_Detail_Mask.uasset" 227
"../../../HouseOfHorrors/Content/Character/Trooper/Textures/T_MET_Trooper_Masked_Fulltime_Mask.uasset" 228
"../../../HouseOfHorrors/Content/Character/Trooper/Textures/T_MET_Trooper_Masked_Fulltime_N.uasset" 229
"../../../HouseOfHorrors/Content/Character/Trooper/Textures/T_MET_Trooper_Masked_Fulltime_Roughness.uasset" 230
"../../../HouseOfHorrors/Content/Character/Trooper/Materials/M_MET_Trooper_Masked_Fulltime.uasset" 231
"../../../Engine/Content/Functions/Engine_MaterialFunctions02/SafeNormalize.uasset" 232
"../../../HouseOfHorrors/Content/Assets/Textures/T_FirePit_M.uasset" 233
"../../../HouseOfHorrors/Content/Assets/Textures/T_FirePit_N.uasset" 234
"../../../HouseOfHorrors/Content/Assets/Textures/T_FloorMarble_D.uasset" 235
"../../../HouseOfHorrors/Content/Assets/Materials/M_FirePit.uasset" 236
"../../../HouseOfHorrors/Content/Assets/Materials/M_FirePit_Inst.uasset" 237
"../../../HouseOfHorrors/Content/Assets/Materials/M_FirePit_Inst_Blue.uasset" 238
"../../../HouseOfHorrors/Content/HouseOfHorror/Audio/Active/Corpses/Psycho_Scream.uasset" 239
"../../../HouseOfHorrors/Content/HouseOfHorror/Blueprints/Characters/BP_Corpse_Creep.uasset" 240
"../../../HouseOfHorrors/Content/Character/Trooper/MaterialLayers/ML_Green_nYLON.uasset" 241
"../../../HouseOfHorrors/Content/Character/Trooper/Textures/T_MET_Trooper_Legs_AO.uasset" 242
"../../../HouseOfHorrors/Content/Character/Trooper/Textures/T_MET_Trooper_Legs_Detail_Mask.uasset" 243
"../../../HouseOfHorrors/Content/Character/Trooper/Textures/T_MET_Trooper_Legs_Mask.uasset" 244
"../../../HouseOfHorrors/Content/Character/Trooper/Textures/T_MET_Trooper_Legs_N.uasset" 245
"../../../HouseOfHorrors/Content/Character/Trooper/Textures/T_MET_Trooper_Legs_Roughness.uasset" 246
"../../../HouseOfHorrors/Content/Character/Trooper/Materials/M_MET_Trooper_Legs.uasset" 247
"../../../HouseOfHorrors/Content/Character/Trooper/Textures/T_Metal_Red_Paint.uasset" 248
"../../../HouseOfHorrors/Content/Character/Trooper/MaterialLayers/ML_Red_Paint.uasset" 249
"../../../HouseOfHorrors/Content/Character/Trooper/Textures/T_MET_Trooper_Arm_AO.uasset" 250
"../../../HouseOfHorrors/Content/Character/Trooper/Textures/T_MET_Trooper_Arm_Detail_Mask.uasset" 251
"../../../HouseOfHorrors/Content/Character/Trooper/Textures/T_MET_Trooper_Arm_Mask.uasset" 252
"../../../HouseOfHorrors/Content/Character/Trooper/Textures/T_MET_Trooper_Arm_N.uasset" 253
"../../../HouseOfHorrors/Content/Character/Trooper/Textures/T_MET_Trooper_Arm_Roughness.uasset" 254
"../../../HouseOfHorrors/Content/Character/Trooper/Materials/M_MET_Trooper_Arm.uasset" 255
"../../../HouseOfHorrors/Content/Character/Trooper/Materials/Alternate_Inst/Troop1/M_MET_Trooper_Arm_Inst.uasset" 256
"../../../Engine/Content/Functions/Engine_MaterialFunctions01/Gradient/LinearGradient.uasset" 257
"../../../HouseOfHorrors/Content/Character/Trooper/Textures/T_MET_Trooper_Jacket_AO.uasset" 258
"../../../HouseOfHorrors/Content/Character/Trooper/Textures/T_MET_Trooper_Jacket_Detail_Mask.uasset" 259
"../../../HouseOfHorrors/Content/Character/Trooper/Textures/T_MET_Trooper_Jacket_Mask.uasset" 260
"../../../HouseOfHorrors/Content/Character/Trooper/Textures/T_MET_Trooper_Jacket_N.uasset" 261
"../../../HouseOfHorrors/Content/Character/Trooper/Textures/T_MET_Trooper_Jacket_Roughness.uasset" 262
"../../../HouseOfHorrors/Content/Character/Trooper/Materials/M_MET_Trooper_Jacket.uasset" 263
"../../../HouseOfHorrors/Content/Character/Trooper/Materials/Alternate_Inst/Troop1/M_MET_Trooper_Jacket_Inst.uasset" 264
"../../../HouseOfHorrors/Content/Character/Trooper/Materials/Alternate_Inst/Troop1/M_MET_Trooper_Masked_Fulltime_Inst.uasset" 265
"../../../HouseOfHorrors/Content/Character/Trooper/Materials/M_MET_Trooper_Legs2.uasset" 266
"../../../HouseOfHorrors/Content/Character/Trooper/Materials/Normal_Inst/Troop2/M_MET_Trooper_Legs2_Inst.uasset" 267
"../../../HouseOfHorrors/Content/HouseOfHorror/Audio/Active/Corpses/Mindless_Zombie_Awakening.uasset" 268
"../../../HouseOfHorrors/Content/HouseOfHorror/Blueprints/Characters/BP_Corpse_FormerGuard.uasset" 269
"../../../HouseOfHorrors/Content/HouseOfHorror/Blueprints/AI/BBoard_Follower.uasset" 270
"../../../HouseOfHorrors/Content/HouseOfHorror/Blueprints/AI/Decorators/CloseEnough.uasset" 271
"../../../HouseOfHorrors/Content/HouseOfHorror/Blueprints/AI/Decorators/IsCalled.uasset" 272
"../../../HouseOfHorrors/Content/HouseOfHorror/Blueprints/AI/Services/AgroCheck.uasset" 273
"../../../HouseOfHorrors/Content/HouseOfHorror/Blueprints/AI/Tasks/Choose_Move_To_Location.uasset" 274
"../../../HouseOfHorrors/Content/HouseOfHorror/Audio/Active/SoundEffects/Scary_Scream.uasset" 275
"../../../HouseOfHorrors/Content/HouseOfHorror/Blueprints/AI/Tasks/Kill_Player.uasset" 276
"../../../HouseOfHorrors/Content/HouseOfHorror/Blueprints/AI/Tasks/RapidMoveTo.uasset" 277
"../../../HouseOfHorrors/Content/HouseOfHorror/Blueprints/AI/Tasks/Scare_Player.uasset" 278
"../../../HouseOfHorrors/Content/HouseOfHorror/Blueprints/AI/BehaviourTree/BT_Follower.uasset" 279
"../../../HouseOfHorrors/Content/HouseOfHorror/Blueprints/AI/Controller/BP_AIController.uasset" 280
"../../../HouseOfHorrors/Content/HouseOfHorror/Blueprints/Characters/BP_CorpseManager.uasset" 281
"../../../HouseOfHorrors/Content/HouseOfHorror/Audio/Active/Corpses/Child_Scream-SoundBible_com-1951741114.uasset" 282
"../../../HouseOfHorrors/Content/HouseOfHorror/Audio/Active/Corpses/Screamer_Scream.uasset" 283
"../../../HouseOfHorrors/Content/HouseOfHorror/Blueprints/Characters/BP_Scream2.uasset" 284
"../../../HouseOfHorrors/Content/HouseOfHorror/Blueprints/AI/BehaviourTree/Paralyze_player.uasset" 285
"../../../HouseOfHorrors/Content/HouseOfHorror/Blueprints/AI/Services/CheckPlayerRunningAway.uasset" 286
"../../../HouseOfHorrors/Content/HouseOfHorror/Blueprints/AI/Services/Compute_Safe_Distance.uasset" 287
"../../../HouseOfHorrors/Content/HouseOfHorror/Blueprints/AI/BehaviourTree/BT_Follower_Screamer.uasset" 288
"../../../HouseOfHorrors/Content/HouseOfHorror/Blueprints/AI/Controller/BP_AIController_Screamer.uasset" 289
"../../../HouseOfHorrors/Content/HouseOfHorror/Audio/Active/Corpses/Giggles-SoundBible_com-710042657.uasset" 290
"../../../HouseOfHorrors/Content/HouseOfHorror/Blueprints/Characters/BP_Scream.uasset" 291
"../../../HouseOfHorrors/Content/HouseOfHorror/Blueprints/Objects/BP_ObjectiveObject.uasset" 292
"../../../HouseOfHorrors/Content/HouseOfHorror/Blueprints/InventorySystem/PickupText.uasset" 293
"../../../HouseOfHorrors/Content/StarterContent/Materials/M_Basic_Wall.uasset" 294
"../../../HouseOfHorrors/Content/StarterContent/Shapes/Shape_Cylinder.uasset" 295
"../../../HouseOfHorrors/Content/HouseOfHorror/Blueprints/Items/Usable.uasset" 296
"../../../HouseOfHorrors/Content/HouseOfHorror/Blueprints/Objects/BP_ObjectiveChild.uasset" 297
"../../../HouseOfHorrors/Content/HouseOfHorror/Meshes/Key/M_Key_Base_1.uasset" 298
"../../../HouseOfHorrors/Content/HouseOfHorror/Meshes/Key/PA_Key_1.uasset" 299
"../../../HouseOfHorrors/Content/HouseOfHorror/Meshes/Key/S_Key_1.uasset" 300
"../../../HouseOfHorrors/Content/HouseOfHorror/Meshes/Key/SM_Key_1.uasset" 301
"../../../HouseOfHorrors/Content/HouseOfHorror/Blueprints/Objects/BP_Objective_Key.uasset" 302
"../../../HouseOfHorrors/Content/HouseOfHorror/Meshes/Key/M_Key_Base_2.uasset" 303
"../../../Engine/Content/BasicShapes/Cone.uasset" 304
"../../../HouseOfHorrors/Content/HouseOfHorror/Blueprints/Objects/BP_Objective_Screwdriver.uasset" 305
"../../../HouseOfHorrors/Content/FirstPerson/Textures/FirstPersonCrosshair.uasset" 306
"../../../HouseOfHorrors/Content/HouseOfHorror/Blueprints/Utility/FirstPersonHUD.uasset" 307
"../../../HouseOfHorrors/Content/HouseOfHorror/Materials/HeartMat.uasset" 308
"../../../HouseOfHorrors/Content/HouseOfHorror/Materials/M_AlwaysShowEmissiveText.uasset" 309
"../../../HouseOfHorrors/Content/HouseOfHorror/Materials/M_Fade.uasset" 310
"../../../HouseOfHorrors/Content/HouseOfHorror/Audio/Active/Character/footsteps.uasset" 311
"../../../HouseOfHorrors/Content/HouseOfHorror/Audio/Active/SoundEffects/SC_HeartBeat.uasset" 312
"../../../HouseOfHorrors/Content/HouseOfHorror/Meshes/UI/Heart.uasset" 313
"../../../HouseOfHorrors/Content/HouseOfHorror/Meshes/UI/SM_InwardCube.uasset" 314
"../../../HouseOfHorrors/Content/HouseOfHorror/Textures/IESLightProfiles/4.uasset" 315
"../../../HouseOfHorrors/Content/HouseOfHorror/Blueprints/Character/BP_HoHChar.uasset" 316
"../../../HouseOfHorrors/Content/HouseOfHorror/Blueprints/Triggers/BP_In_Room_Trigger.uasset" 317
"../../../HouseOfHorrors/Content/Character/Trooper/Materials/M_MET_Trooper_Body.uasset" 318
"../../../HouseOfHorrors/Content/Character/Trooper/Materials/Alternate_Inst/Troop1/M_MET_Trooper_Body_Inst.uasset" 319
"../../../HouseOfHorrors/Content/Character/Trooper/Materials/M_MET_Trooper_Arm2.uasset" 320
"../../../HouseOfHorrors/Content/Character/Trooper/Materials/Normal_Inst/Troop2/M_MET_Trooper_Arm2_Inst.uasset" 321
"../../../HouseOfHorrors/Content/Character/Trooper/Textures/M_MET_Trooper_Knife2_Mask.uasset" 322
"../../../HouseOfHorrors/Content/Character/Trooper/Textures/M_MET_Trooper_Knife2_N.uasset" 323
"../../../HouseOfHorrors/Content/Character/Trooper/Materials/M_MET_Trooper_Knife2.uasset" 324
"../../../HouseOfHorrors/Content/Character/Trooper/Materials/Normal_Inst/Troop2/M_MET_Trooper_Knife2_Inst.uasset" 325
"../../../HouseOfHorrors/Content/Character/Trooper/Materials/M_MET_Trooper_Masked_Fulltime2.uasset" 326
"../../../HouseOfHorrors/Content/Character/Trooper/Materials/Normal_Inst/Troop2/M_MET_Trooper_Masked_Fulltime2_Inst.uasset" 327
"../../../HouseOfHorrors/Content/HouseOfHorror/Meshes/Mannequin/Character/Mesh/SK_Mannequin.uasset" 328
"../../../HouseOfHorrors/Content/HouseOfHorror/Blueprints/Characters/BP_AICharacter.uasset" 329
"../../../HouseOfHorrors/Content/HouseOfHorror/Blueprints/Utility/BP_GameInstance.uasset" 330
"../../../HouseOfHorrors/Content/StarterContent/Textures/T_MacroVariation.uasset" 331
"../../../HouseOfHorrors/Content/StarterContent/Textures/T_Perlin_Noise_M.uasset" 332
"../../../HouseOfHorrors/Content/StarterContent/Textures/T_Rock_Sandstone_D.uasset" 333
"../../../HouseOfHorrors/Content/StarterContent/Textures/T_Rock_Sandstone_N.uasset" 334
"../../../HouseOfHorrors/Content/StarterContent/Materials/M_Rock_Sandstone.uasset" 335
"../../../HouseOfHorrors/Content/StarterContent/Materials/M_Basic_Floor.uasset" 336
"../../../HouseOfHorrors/Content/StarterContent/Architecture/Floor_400x400.uasset" 337
"../../../HouseOfHorrors/Content/HouseOfHorror/Blueprints/Architecture/BP_Floor.uasset" 338
"../../../HouseOfHorrors/Content/StarterContent/Textures/T_Wood_Pine_D.uasset" 339
"../../../HouseOfHorrors/Content/StarterContent/Textures/T_Wood_Pine_N.uasset" 340
"../../../HouseOfHorrors/Content/StarterContent/Materials/M_Wood_Pine.uasset" 341
"../../../HouseOfHorrors/Content/StarterContent/Textures/T_Wood_Walnut_D.uasset" 342
"../../../HouseOfHorrors/Content/StarterContent/Textures/T_Wood_Walnut_N.uasset" 343
"../../../HouseOfHorrors/Content/StarterContent/Materials/M_Wood_Walnut.uasset" 344
"../../../HouseOfHorrors/Content/Geometry/Meshes/CubeMaterial.uasset" 345
"../../../HouseOfHorrors/Content/Geometry/Meshes/1M_Cube.uasset" 346
"../../../HouseOfHorrors/Content/HouseOfHorror/Audio/Active/Door/SC_CloseDoor.uasset" 347
"../../../HouseOfHorrors/Content/HouseOfHorror/Audio/Active/Door/SC_OpenDoor.uasset" 348
"../../../HouseOfHorrors/Content/StarterContent/Architecture/Wall_400x200.uasset" 349
"../../../HouseOfHorrors/Content/StarterContent/Shapes/Shape_Cube.uasset" 350
"../../../HouseOfHorrors/Content/HouseOfHorror/Blueprints/Architecture/BP_InteractableDoor.uasset" 351
"../../../HouseOfHorrors/Content/HouseOfHorror/Audio/Active/Door/SC_LockedDoor.uasset" 352
"../../../HouseOfHorrors/Content/HouseOfHorror/Blueprints/Architecture/BP_LockedDoor.uasset" 353
"../../../HouseOfHorrors/Content/Assets/Textures/T_Marble_N.uasset" 354
"../../../HouseOfHorrors/Content/Assets/Textures/T_Trim_M.uasset" 355
"../../../HouseOfHorrors/Content/Assets/Textures/T_Trim_N.uasset" 356
"../../../HouseOfHorrors/Content/Assets/Materials/M_Dome.uasset" 357
"../../../HouseOfHorrors/Content/StarterContent/Architecture/Wall_400x300.uasset" 358
"../../../HouseOfHorrors/Content/HouseOfHorror/Blueprints/Architecture/BP_Wall.uasset" 359
"../../../HouseOfHorrors/Content/StarterContent/Architecture/Wall_Door_400x300.uasset" 360
"../../../HouseOfHorrors/Content/StarterContent/Textures/T_Frame_M.uasset" 361
"../../../HouseOfHorrors/Content/StarterContent/Textures/T_Frame_N.uasset" 362
"../../../HouseOfHorrors/Content/StarterContent/Props/Materials/M_Frame.uasset" 363
"../../../HouseOfHorrors/Content/StarterContent/Props/SM_DoorFrame.uasset" 364
"../../../HouseOfHorrors/Content/HouseOfHorror/Blueprints/Architecture/BP_WallDoor.uasset" 365
"../../../HouseOfHorrors/Content/StarterContent/Architecture/Wall_Window_400x300.uasset" 366
"../../../HouseOfHorrors/Content/StarterContent/Materials/M_Glass.uasset" 367
"../../../HouseOfHorrors/Content/StarterContent/Props/SM_GlassWindow.uasset" 368
"../../../HouseOfHorrors/Content/StarterContent/Props/SM_WindowFrame.uasset" 369
"../../../HouseOfHorrors/Content/HouseOfHorror/Blueprints/Architecture/BP_WindowedWall.uasset" 370
"../../../HouseOfHorrors/Content/HouseOfHorror/Blueprints/Mode/BP_HoHMode.uasset" 371
"../../../HouseOfHorrors/Content/HouseOfHorror/Blueprints/Props/BP_Prop.uasset" 372
"../../../HouseOfHorrors/Content/HouseOfHorror/Meshes/Altar/M_Marmol.uasset" 373
"../../../HouseOfHorrors/Content/HouseOfHorror/Meshes/Altar/M_White_Fabric.uasset" 374
"../../../HouseOfHorrors/Content/HouseOfHorror/Meshes/Altar/SM_Altar.uasset" 375
"../../../HouseOfHorrors/Content/HouseOfHorror/Blueprints/Props/BP_Altar_Table.uasset" 376
"../../../HouseOfHorrors/Content/Assets/Textures/T_Arch_M.uasset" 377
"../../../HouseOfHorrors/Content/Assets/Textures/T_Arch_N.uasset" 378
"../../../HouseOfHorrors/Content/Assets/Materials/M_Arch.uasset" 379
"../../../HouseOfHorrors/Content/Assets/Materials/M_Arch_Inst.uasset" 380
"../../../HouseOfHorrors/Content/Assets/Materials/M_Arch_Inst_2.uasset" 381
"../../../HouseOfHorrors/Content/Assets/StaticMeshes/SM_Arch_2.uasset" 382
"../../../HouseOfHorrors/Content/Assets/StaticMeshes/SM_Arch_2_Bend.uasset" 383
"../../../HouseOfHorrors/Content/HouseOfHorror/Blueprints/Props/BP_Arch.uasset" 384
"../../../HouseOfHorrors/Content/HouseOfHorror/Meshes/Bench/Material__26.uasset" 385
"../../../HouseOfHorrors/Content/HouseOfHorror/Meshes/Bench/Material__27.uasset" 386
"../../../HouseOfHorrors/Content/HouseOfHorror/Meshes/Bench/SM_Stone_Bench.uasset" 387
"../../../HouseOfHorrors/Content/HouseOfHorror/Blueprints/Props/BP_Bench.uasset" 388
"../../../HouseOfHorrors/Content/HouseOfHorror/Meshes/Bookshelf/BOOKS_SPECULAR.uasset" 389
"../../../HouseOfHorrors/Content/HouseOfHorror/Meshes/Bookshelf/BOOKS_TEXTURE.uasset" 390
"../../../HouseOfHorrors/Content/HouseOfHorror/Meshes/Bookshelf/M_Books.uasset" 391
"../../../HouseOfHorrors/Content/HouseOfHorror/Meshes/Bookshelf/BOOKS_FBX.uasset" 392
"../../../HouseOfHorrors/Content/HouseOfHorror/Meshes/Bookshelf/SHELF_NORMAL.uasset" 393
"../../../HouseOfHorrors/Content/HouseOfHorror/Meshes/Bookshelf/SHELF_SPECULAR.uasset" 394
"../../../HouseOfHorrors/Content/HouseOfHorror/Meshes/Bookshelf/SHELF_TEXTURE.uasset" 395
"../../../HouseOfHorrors/Content/HouseOfHorror/Meshes/Bookshelf/M_Shelf.uasset" 396
"../../../HouseOfHorrors/Content/HouseOfHorror/Meshes/Bookshelf/SHELF_FBX.uasset" 397
"../../../HouseOfHorrors/Content/HouseOfHorror/Blueprints/Props/BP_Bookshelf.uasset" 398
"../../../HouseOfHorrors/Content/HouseOfHorror/Meshes/Carpet/PersianCarpet/T_PersianCarpet_NRM.uasset" 399
"../../../HouseOfHorrors/Content/HouseOfHorror/Meshes/Carpet/PersianCarpet/T_PersianCarpet_SPEC.uasset" 400
"../../../HouseOfHorrors/Content/HouseOfHorror/Meshes/Carpet/PersianCarpet/T_PersianCarpetDiffuse.uasset" 401
"../../../HouseOfHorrors/Content/HouseOfHorror/Meshes/Carpet/PersianCarpet/M_PersianCarpet.uasset" 402
"../../../HouseOfHorrors/Content/HouseOfHorror/Meshes/Carpet/PersianCarpet/SM_PersianCarpet.uasset" 403
"../../../HouseOfHorrors/Content/HouseOfHorror/Blueprints/Props/BP_Carpet.uasset" 404
"../../../HouseOfHorrors/Content/StarterContent/Textures/T_Chair_M.uasset" 405
"../../../HouseOfHorrors/Content/StarterContent/Textures/T_Chair_N.uasset" 406
"../../../HouseOfHorrors/Content/StarterContent/Props/Materials/M_Chair.uasset" 407
"../../../HouseOfHorrors/Content/StarterContent/Props/SM_Chair.uasset" 408
"../../../HouseOfHorrors/Content/HouseOfHorror/Blueprints/Props/BP_Chair.uasset" 409
"../../../HouseOfHorrors/Content/StarterContent/Materials/M_Metal_Chrome.uasset" 410
"../../../HouseOfHorrors/Content/HouseOfHorror/Meshes/Contemporary_Mirror/SM_Contemporary_Mirror.uasset" 411
"../../../HouseOfHorrors/Content/HouseOfHorror/Blueprints/Props/BP_Contemporary_Mirror.uasset" 412
"../../../HouseOfHorrors/Content/HouseOfHorror/Meshes/Crates/Crate1/T_Crate_Color.uasset" 413
"../../../HouseOfHorrors/Content/HouseOfHorror/Meshes/Crates/Crate1/M_Crate_Color.uasset" 414
"../../../HouseOfHorrors/Content/HouseOfHorror/Meshes/Crates/Crate1/SM_Crate.uasset" 415
"../../../HouseOfHorrors/Content/HouseOfHorror/Blueprints/Props/BP_Crate_1.uasset" 416
"../../../HouseOfHorrors/Content/HouseOfHorror/Meshes/Crates/Crate2/T_Crate_2_Color.uasset" 417
"../../../HouseOfHorrors/Content/HouseOfHorror/Meshes/Crates/Crate2/T_Crate_2_Normal.uasset" 418
"../../../HouseOfHorrors/Content/HouseOfHorror/Meshes/Crates/Crate2/T_Crate_2_Specular.uasset" 419
"../../../HouseOfHorrors/Content/HouseOfHorror/Meshes/Crates/Crate2/M_Crate_2.uasset" 420
"../../../HouseOfHorrors/Content/HouseOfHorror/Meshes/Crates/Crate2/SM_Crate_2.uasset" 421
"../../../HouseOfHorrors/Content/HouseOfHorror/Blueprints/Props/BP_Crate_2.uasset" 422
"../../../HouseOfHorrors/Content/HouseOfHorror/Meshes/Crates/Crate3/Crate3b/T_Crate_3b.uasset" 423
"../../../HouseOfHorrors/Content/HouseOfHorror/Meshes/Crates/Crate3/Crate3b/M_Crate_3b.uasset" 424
"../../../HouseOfHorrors/Content/HouseOfHorror/Meshes/Crates/Crate3/Crate3b/SM_Crate_3b.uasset" 425
"../../../HouseOfHorrors/Content/HouseOfHorror/Blueprints/Props/BP_Crate_3.uasset" 426
"../../../HouseOfHorrors/Content/HouseOfHorror/Meshes/Crates/Crate4/T_Crate_4_Color.uasset" 427
"../../../HouseOfHorrors/Content/HouseOfHorror/Meshes/Crates/Crate4/T_Crate_4_Normal.uasset" 428
"../../../HouseOfHorrors/Content/HouseOfHorror/Meshes/Crates/Crate4/T_Crate_4_Specular.uasset" 429
"../../../HouseOfHorrors/Content/HouseOfHorror/Meshes/Crates/Crate4/M_Crate_4.uasset" 430
"../../../HouseOfHorrors/Content/HouseOfHorror/Meshes/Crates/Crate4/SM_Crate_4.uasset" 431
"../../../HouseOfHorrors/Content/HouseOfHorror/Blueprints/Props/BP_Crate_4.uasset" 432
"../../../HouseOfHorrors/Content/HouseOfHorror/Meshes/Cross/M_Cross.uasset" 433
"../../../HouseOfHorrors/Content/HouseOfHorror/Meshes/Cross/PA_Cross.uasset" 434
"../../../HouseOfHorrors/Content/HouseOfHorror/Meshes/Cross/S_Cross.uasset" 435
"../../../HouseOfHorrors/Content/HouseOfHorror/Meshes/Cross/SM_Cross.uasset" 436
"../../../HouseOfHorrors/Content/HouseOfHorror/Blueprints/Props/BP_Cross.uasset" 437
"../../../HouseOfHorrors/Content/HouseOfHorror/Meshes/Dining_Table_And_Chair/T_Lathe.uasset" 438
"../../../HouseOfHorrors/Content/HouseOfHorror/Meshes/Dining_Table_And_Chair/M_Lathe.uasset" 439
"../../../HouseOfHorrors/Content/HouseOfHorror/Meshes/Dining_Table_And_Chair/T_Bump.uasset" 440
"../../../HouseOfHorrors/Content/HouseOfHorror/Meshes/Dining_Table_And_Chair/T_Reflect.uasset" 441
"../../../HouseOfHorrors/Content/HouseOfHorror/Meshes/Dining_Table_And_Chair/T_Wood.uasset" 442
"../../../HouseOfHorrors/Content/HouseOfHorror/Meshes/Dining_Table_And_Chair/M_Wood_Mat.uasset" 443
"../../../HouseOfHorrors/Content/HouseOfHorror/Meshes/Dining_Table_And_Chair/SM_Dining_Table_And_Chair_Combo.uasset" 444
"../../../HouseOfHorrors/Content/HouseOfHorror/Blueprints/Props/BP_Dining_Chair_And_Table.uasset" 445
"../../../Engine/Content/Functions/Engine_MaterialFunctions02/Fresnel_Function.uasset" 446
"../../../HouseOfHorrors/Content/Assets/Textures/T_Fire_D.uasset" 447
"../../../HouseOfHorrors/Content/Assets/Materials/M_Fire.uasset" 448
"../../../HouseOfHorrors/Content/Assets/Materials/M_Fire_Inst.uasset" 449
"../../../HouseOfHorrors/Content/Assets/StaticMeshes/SM_FireFX.uasset" 450
"../../../HouseOfHorrors/Content/Assets/StaticMeshes/SM_FirePit.uasset" 451
"../../../HouseOfHorrors/Content/HouseOfHorror/Blueprints/Props/BP_Fire_Pillar_Orange.uasset" 452
"../../../HouseOfHorrors/Content/Assets/Materials/M_Fire_Inst_Blue.uasset" 453
"../../../HouseOfHorrors/Content/HouseOfHorror/Blueprints/Props/BP_Fire_Pillar_Blue.uasset" 454
"../../../HouseOfHorrors/Content/Assets/Materials/M_Fire_Inst_Green.uasset" 455
"../../../HouseOfHorrors/Content/Assets/Materials/M_FirePit_Inst_Green.uasset" 456
"../../../HouseOfHorrors/Content/HouseOfHorror/Blueprints/Props/BP_Fire_Pillar_Green.uasset" 457
"../../../HouseOfHorrors/Content/HouseOfHorror/Blueprints/Props/BP_Fire_Pillar_Mini.uasset" 458
"../../../HouseOfHorrors/Content/Assets/Materials/M_Fire_Inst_Red.uasset" 459
"../../../HouseOfHorrors/Content/Assets/Materials/M_FirePit_Inst_Red.uasset" 460
"../../../HouseOfHorrors/Content/HouseOfHorror/Blueprints/Props/BP_Fire_Pillar_Red.uasset" 461
"../../../HouseOfHorrors/Content/HouseOfHorror/Blueprints/Props/BP_Fire_Pillar_Slanted.uasset" 462
"../../../HouseOfHorrors/Content/HouseOfHorror/Meshes/Potted_Plant/Flower_Plant/T_Gold.uasset" 463
"../../../HouseOfHorrors/Content/HouseOfHorror/Meshes/Potted_Plant/Flower_Plant/M_Lemon_Yellow.uasset" 464
"../../../HouseOfHorrors/Content/HouseOfHorror/Meshes/Potted_Plant/Flower_Plant/T_Red.uasset" 465
"../../../HouseOfHorrors/Content/HouseOfHorror/Meshes/Potted_Plant/Flower_Plant/M_Red.uasset" 466
"../../../HouseOfHorrors/Content/StarterContent/Textures/T_Metal_Steel_D.uasset" 467
"../../../HouseOfHorrors/Content/StarterContent/Textures/T_Metal_Steel_N.uasset" 468
"../../../HouseOfHorrors/Content/StarterContent/Materials/M_Metal_Steel.uasset" 469
"../../../HouseOfHorrors/Content/HouseOfHorror/Meshes/Potted_Plant/Flower_Plant/PA_Flower_Plant.uasset" 470
"../../../HouseOfHorrors/Content/HouseOfHorror/Meshes/Potted_Plant/Flower_Plant/S_Flower_Plant.uasset" 471
"../../../HouseOfHorrors/Content/HouseOfHorror/Meshes/Potted_Plant/Flower_Plant/SM_Flower_Plant.uasset" 472
"../../../HouseOfHorrors/Content/HouseOfHorror/Blueprints/Props/BP_Flower_Plant.uasset" 473
"../../../HouseOfHorrors/Content/Assets/Textures/T_Crackle.uasset" 474
"../../../HouseOfHorrors/Content/Assets/Textures/T_Crackle_N.uasset" 475
"../../../HouseOfHorrors/Content/Assets/Textures/T_Statue_M.uasset" 476
"../../../HouseOfHorrors/Content/Assets/Textures/T_Statue_N.uasset" 477
"../../../HouseOfHorrors/Content/Assets/Materials/M_Statue.uasset" 478
"../../../HouseOfHorrors/Content/Assets/Materials/M_Statue_Inst.uasset" 479
"../../../HouseOfHorrors/Content/Assets/StaticMeshes/SM_Statue.uasset" 480
"../../../HouseOfHorrors/Content/HouseOfHorror/Blueprints/Props/BP_Headless_Angel_Statue_Red.uasset" 481
"../../../HouseOfHorrors/Content/Assets/Materials/M_Statue_Inst_2.uasset" 482
"../../../HouseOfHorrors/Content/Assets/Materials/M_Statue_Inst_3.uasset" 483
"../../../HouseOfHorrors/Content/HouseOfHorror/Blueprints/Props/BP_Headless_Angel_Statue_Blue.uasset" 484
"../../../HouseOfHorrors/Content/HouseOfHorror/Blueprints/Props/BP_Headless_Angel_Statue_Green.uasset" 485
"../../../HouseOfHorrors/Content/Assets/Materials/M_Trim.uasset" 486
"../../../HouseOfHorrors/Content/Assets/Materials/M_Trim_Inst.uasset" 487
"../../../HouseOfHorrors/Content/Assets/Textures/T_BottomTrim_M.uasset" 488
"../../../HouseOfHorrors/Content/Assets/Textures/T_BottomTrim_N.uasset" 489
"../../../HouseOfHorrors/Content/Assets/Materials/M_BottomTrim_Inst.uasset" 490
"../../../HouseOfHorrors/Content/Assets/Textures/T_Dome_M.uasset" 491
"../../../HouseOfHorrors/Content/Assets/Textures/T_Dome_N.uasset" 492
"../../../HouseOfHorrors/Content/Assets/Materials/M_Dome_Inst.uasset" 493
"../../../HouseOfHorrors/Content/Assets/Textures/T_Pillar_N.uasset" 494
"../../../HouseOfHorrors/Content/Assets/Textures/T_Pillar_M.uasset" 495
"../../../HouseOfHorrors/Content/Assets/Materials/M_Pillar.uasset" 496
"../../../HouseOfHorrors/Content/Assets/Materials/M_Pillar_Inst.uasset" 497
"../../../HouseOfHorrors/Content/Assets/Textures/T_Marble_D.uasset" 498
"../../../HouseOfHorrors/Content/Assets/Textures/T_StoneBrickWall_AO.uasset" 499
"../../../HouseOfHorrors/Content/Assets/Textures/T_StoneBrickWall_N.uasset" 500
"../../../HouseOfHorrors/Content/Assets/Materials/M_StoneBrickWall.uasset" 501
"../../../HouseOfHorrors/Content/Assets/Materials/M_StoneBrickWall_Inst.uasset" 502
"../../../HouseOfHorrors/Content/Assets/StaticMeshes/SM_Window.uasset" 503
"../../../HouseOfHorrors/Content/HouseOfHorror/Blueprints/Props/BP_MonumentRoof.uasset" 504
"../../../HouseOfHorrors/Content/Assets/StaticMeshes/SM_Pillar.uasset" 505
"../../../HouseOfHorrors/Content/HouseOfHorror/Blueprints/Props/BP_Pillar.uasset" 506
"../../../HouseOfHorrors/Content/StarterContent/Textures/T_Wood_Oak_D.uasset" 507
"../../../HouseOfHorrors/Content/StarterContent/Textures/T_Wood_Oak_N.uasset" 508
"../../../HouseOfHorrors/Content/StarterContent/Materials/M_Wood_Oak.uasset" 509
"../../../HouseOfHorrors/Content/HouseOfHorror/Meshes/Podium/M_Podium.uasset" 510
"../../../HouseOfHorrors/Content/HouseOfHorror/Meshes/Podium/SM_Podium.uasset" 511
"../../../HouseOfHorrors/Content/HouseOfHorror/Blueprints/Props/BP_Podium.uasset" 512
"../../../HouseOfHorrors/Content/HouseOfHorror/Meshes/Potted_Plant/Potted_Plant/T_Leaf.uasset" 513
"../../../HouseOfHorrors/Content/HouseOfHorror/Meshes/Potted_Plant/Potted_Plant/M_Leaf.uasset" 514
"../../../HouseOfHorrors/Content/HouseOfHorror/Meshes/Potted_Plant/Potted_Plant/T_Mud.uasset" 515
"../../../HouseOfHorrors/Content/HouseOfHorror/Meshes/Potted_Plant/Potted_Plant/M_Mud.uasset" 516
"../../../HouseOfHorrors/Content/HouseOfHorror/Meshes/Potted_Plant/Potted_Plant/T_Pot.uasset" 517
"../../../HouseOfHorrors/Content/HouseOfHorror/Meshes/Potted_Plant/Potted_Plant/M_Pot.uasset" 518
"../../../HouseOfHorrors/Content/HouseOfHorror/Meshes/Potted_Plant/Potted_Plant/SM_Potted_Plant.uasset" 519
"../../../HouseOfHorrors/Content/HouseOfHorror/Blueprints/Props/BP_PottedPlant.uasset" 520
"../../../HouseOfHorrors/Content/HouseOfHorror/Meshes/Platform/M_Black_Plastic.uasset" 521
"../../../HouseOfHorrors/Content/HouseOfHorror/Meshes/Platform/T_Platinum.uasset" 522
"../../../HouseOfHorrors/Content/HouseOfHorror/Meshes/Platform/M_Platinum.uasset" 523
"../../../HouseOfHorrors/Content/HouseOfHorror/Meshes/Platform/SM_Platform.uasset" 524
"../../../HouseOfHorrors/Content/HouseOfHorror/Blueprints/Props/BP_Raised_Platform.uasset" 525
"../../../HouseOfHorrors/Content/HouseOfHorror/Meshes/Carpet/Carpet/T_Cotton.uasset" 526
"../../../HouseOfHorrors/Content/HouseOfHorror/Meshes/Carpet/Carpet/M_Cotton.uasset" 527
"../../../HouseOfHorrors/Content/HouseOfHorror/Meshes/Carpet/Carpet/SM_Rug.uasset" 528
"../../../HouseOfHorrors/Content/HouseOfHorror/Blueprints/Props/BP_Rug.uasset" 529
"../../../HouseOfHorrors/Content/Assets/Textures/T_Shield_M.uasset" 530
"../../../HouseOfHorrors/Content/Assets/Textures/T_Shield_N.uasset" 531
"../../../HouseOfHorrors/Content/Assets/Materials/M_Shield.uasset" 532
"../../../HouseOfHorrors/Content/Assets/Materials/M_Shield_Inst.uasset" 533
"../../../HouseOfHorrors/Content/Assets/StaticMeshes/SM_Shield.uasset" 534
"../../../HouseOfHorrors/Content/HouseOfHorror/Blueprints/Props/BP_Shield.uasset" 535
"../../../HouseOfHorrors/Content/HouseOfHorror/Meshes/Soda_Machine/T_SodaMachineGreen.uasset" 536
"../../../HouseOfHorrors/Content/HouseOfHorror/Meshes/Soda_Machine/T_SodaMachineRed.uasset" 537
"../../../HouseOfHorrors/Content/HouseOfHorror/Meshes/Soda_Machine/M_SodaMachine.uasset" 538
"../../../HouseOfHorrors/Content/HouseOfHorror/Meshes/Soda_Machine/SM_SodaMachine.uasset" 539
"../../../HouseOfHorrors/Content/HouseOfHorror/Blueprints/Props/BP_SodaMachine.uasset" 540
"../../../HouseOfHorrors/Content/StarterContent/Textures/T_TableRound_M.uasset" 541
"../../../HouseOfHorrors/Content/StarterContent/Textures/T_TableRound_N.uasset" 542
"../../../HouseOfHorrors/Content/StarterContent/Props/Materials/M_TableRound.uasset" 543
"../../../HouseOfHorrors/Content/StarterContent/Props/SM_TableRound.uasset" 544
"../../../HouseOfHorrors/Content/HouseOfHorror/Blueprints/Props/BP_Table.uasset" 545
"../../../Engine/Content/EditorMeshes/ColorCalibrator/M_ClearCoat.uasset" 546
"../../../HouseOfHorrors/Content/StarterContent/Textures/T_Metal_Aluminum_D.uasset" 547
"../../../HouseOfHorrors/Content/StarterContent/Textures/T_Metal_Gold_N.uasset" 548
"../../../HouseOfHorrors/Content/StarterContent/Materials/M_Metal_Burnished_Steel.uasset" 549
"../../../HouseOfHorrors/Content/StarterContent/Textures/T_Metal_Copper_D.uasset" 550
"../../../HouseOfHorrors/Content/StarterContent/Materials/M_Metal_Copper.uasset" 551
"../../../HouseOfHorrors/Content/HouseOfHorror/Meshes/Bin/SM_Bin.uasset" 552
"../../../HouseOfHorrors/Content/HouseOfHorror/Blueprints/Props/BP_Toilet_Bin.uasset" 553
"../../../HouseOfHorrors/Content/HouseOfHorror/Meshes/Toilet_Bowl/SM_ToiletBowl.uasset" 554
"../../../HouseOfHorrors/Content/HouseOfHorror/Blueprints/Props/BP_Toilet_Bowl.uasset" 555
"../../../HouseOfHorrors/Content/StarterContent/Materials/M_Metal_Brushed_Nickel.uasset" 556
"../../../HouseOfHorrors/Content/StarterContent/Textures/T_Rock_Marble_Polished_D.uasset" 557
"../../../HouseOfHorrors/Content/StarterContent/Materials/M_Rock_Marble_Polished.uasset" 558
"../../../HouseOfHorrors/Content/HouseOfHorror/Meshes/Toilet_Sink/PA_ToiletSink.uasset" 559
"../../../HouseOfHorrors/Content/HouseOfHorror/Meshes/Toilet_Sink/S_ToiletSink.uasset" 560
"../../../HouseOfHorrors/Content/HouseOfHorror/Meshes/Toilet_Sink/SM_ToiletSink.uasset" 561
"../../../HouseOfHorrors/Content/HouseOfHorror/Blueprints/Props/BP_Toilet_Sink.uasset" 562
"../../../HouseOfHorrors/Content/Assets/StaticMeshes/SM_Trim_Bend.uasset" 563
"../../../HouseOfHorrors/Content/HouseOfHorror/Blueprints/Props/BP_Trim_Bend.uasset" 564
"../../../HouseOfHorrors/Content/HouseOfHorror/Meshes/Office_Chair/T_OfficeChairFabricDiffuse.uasset" 565
"../../../HouseOfHorrors/Content/HouseOfHorror/Meshes/Office_Chair/T_OfficeChairFabricNormal.uasset" 566
"../../../HouseOfHorrors/Content/HouseOfHorror/Meshes/Office_Chair/M_OfficeChairFabric.uasset" 567
"../../../HouseOfHorrors/Content/HouseOfHorror/Meshes/Office_Chair/T_OfficeChairPlasticDiffuse.uasset" 568
"../../../HouseOfHorrors/Content/HouseOfHorror/Meshes/Office_Chair/T_OfficeChairPlasticNormal.uasset" 569
"../../../HouseOfHorrors/Content/HouseOfHorror/Meshes/Office_Chair/M_OfficeChairPlastic.uasset" 570
"../../../HouseOfHorrors/Content/HouseOfHorror/Meshes/Office_Chair/SM_OfficeChair.uasset" 571
"../../../HouseOfHorrors/Content/HouseOfHorror/Blueprints/Props/BP_Work_Chair.uasset" 572
"../../../Engine/Content/EditorMeshes/ColorCalibrator/M_ClearCoatBlack.uasset" 573
"../../../Engine/Content/MapTemplates/Sky/M_BlackBackground.uasset" 574
"../../../HouseOfHorrors/Content/HouseOfHorror/Meshes/Office_Keyboard/M_Key_Lights.uasset" 575
"../../../HouseOfHorrors/Content/HouseOfHorror/Meshes/Office_Keyboard/T_KeyboardKeys.uasset" 576
"../../../HouseOfHorrors/Content/HouseOfHorror/Meshes/Office_Keyboard/T_KeyboardMap.uasset" 577
"../../../HouseOfHorrors/Content/HouseOfHorror/Meshes/Office_Keyboard/M_KeyboardKeys.uasset" 578
"../../../HouseOfHorrors/Content/HouseOfHorror/Meshes/Office_Keyboard/T_SupplementaryKeyboardKeys.uasset" 579
"../../../HouseOfHorrors/Content/HouseOfHorror/Meshes/Office_Keyboard/M_SupplementaryKeyboardKeys.uasset" 580
"../../../HouseOfHorrors/Content/HouseOfHorror/Meshes/Office_Keyboard/SM_OfficeKeyboard.uasset" 581
"../../../HouseOfHorrors/Content/HouseOfHorror/Blueprints/Props/BP_Work_Keyboard.uasset" 582
"../../../HouseOfHorrors/Content/HouseOfHorror/Meshes/Office_Screen/M_60W_White.uasset" 583
"../../../HouseOfHorrors/Content/HouseOfHorror/Meshes/Office_Screen/M_Marble_Black.uasset" 584
"../../../HouseOfHorrors/Content/HouseOfHorror/Meshes/Office_Screen/M_Matt_Chrome.uasset" 585
"../../../HouseOfHorrors/Content/HouseOfHorror/Meshes/Office_Screen/M_Monitor_Black.uasset" 586
"../../../HouseOfHorrors/Content/HouseOfHorror/Meshes/Office_Screen/M_Rubber_Blue.uasset" 587
"../../../HouseOfHorrors/Content/HouseOfHorror/Meshes/Office_Screen/SM_Monitor.uasset" 588
"../../../HouseOfHorrors/Content/HouseOfHorror/Blueprints/Props/BP_Work_Screen.uasset" 589
"../../../HouseOfHorrors/Content/HouseOfHorror/Meshes/Office_Table/T_Office_Table.uasset" 590
"../../../HouseOfHorrors/Content/HouseOfHorror/Meshes/Office_Table/M_Office_Table.uasset" 591
"../../../HouseOfHorrors/Content/HouseOfHorror/Meshes/Office_Table/SM_Office_Table.uasset" 592
"../../../HouseOfHorrors/Content/HouseOfHorror/Blueprints/Props/BP_Work_Table.uasset" 593
"../../../HouseOfHorrors/Content/HouseOfHorror/Blueprints/Utility/BP_LevelExit.uasset" 594
"../../../Engine/Content/EngineSky/C_Sky_Cloud_Color.uasset" 595
"../../../Engine/Content/EngineSky/C_Sky_Horizon_Color.uasset" 596
"../../../Engine/Content/EngineSky/C_Sky_Zenith_Color.uasset" 597
"../../../Engine/Content/EngineSky/T_Sky_Blue.uasset" 598
"../../../Engine/Content/EngineSky/T_Sky_Clouds_M.uasset" 599
"../../../Engine/Content/EngineSky/T_Sky_Stars.uasset" 600
"../../../Engine/Content/EngineSky/M_Sky_Panning_Clouds2.uasset" 601
"../../../Engine/Content/EngineSky/SM_SkySphere.uasset" 602
"../../../HouseOfHorrors/Content/HouseOfHorror/Effects/BP_Sky_Sphere_Altered.uasset" 603
"../../../HouseOfHorrors/Content/HouseOfHorror/Effects/TriptychContent/Materials/Textures/Mesh_Specific/t_GodrayTexture.uasset" 604
"../../../HouseOfHorrors/Content/HouseOfHorror/Effects/TriptychContent/Materials/m_Godray.uasset" 605
"../../../HouseOfHorrors/Content/HouseOfHorror/Effects/TriptychContent/Effects/GodrayBaseMesh.uasset" 606
"../../../HouseOfHorrors/Content/HouseOfHorror/Effects/TriptychContent/Effects/BP_GodRay.uasset" 607
"../../../HouseOfHorrors/Content/StarterContent/Textures/T_Ground_Grass_D.uasset" 608
"../../../HouseOfHorrors/Content/StarterContent/Textures/T_Ground_Grass_N.uasset" 609
"../../../HouseOfHorrors/Content/StarterContent/Materials/M_Ground_Grass.uasset" 610
"../../../Engine/Content/EngineMaterials/DefaultPhysicalMaterial.uasset" 611
"../../../Engine/Content/MapTemplates/daylight.uasset" 612
"../../../HouseOfHorrors/Content/HouseOfHorror/Audio/Active/SoundEffects/RandomScarySound.uasset" 613
"../../../HouseOfHorrors/Content/HouseOfHorror/Audio/Ambience/SC_HorrorAmbience.uasset" 614
"../../../Engine/Content/ArtTools/RenderToTexture/MaterialFunctions/FlipbookWind.uasset" 615
"../../../HouseOfHorrors/Content/Textures/Placeholder/tex_diffuse.uasset" 616
"../../../HouseOfHorrors/Content/Material/Master_Material/M_grass_basic.uasset" 617
"../../../HouseOfHorrors/Content/Textures/Grass_Flower/tex_grass_diff.uasset" 618
"../../../HouseOfHorrors/Content/Material/Child_Material/M_grass_basic_Inst.uasset" 619
"../../../HouseOfHorrors/Content/Meshes/Grass/SM_grass1.uasset" 620
"../../../HouseOfHorrors/Content/Meshes/Grass/SM_grass2.uasset" 621
"../../../HouseOfHorrors/Content/Meshes/Grass/SM_grass6.uasset" 622
"../../../HouseOfHorrors/Content/Meshes/Grass/SM_grass_patch6.uasset" 623
"../../../Engine/Content/Functions/Engine_MaterialFunctions02/WorldPositionOffset/Wind.uasset" 624
"../../../HouseOfHorrors/Content/Textures/Placeholder/tex_normal.uasset" 625
"../../../HouseOfHorrors/Content/Material/Master_Material/M_bark.uasset" 626
"../../../HouseOfHorrors/Content/Textures/Trees/tex_birchbark_diff.uasset" 627
"../../../HouseOfHorrors/Content/Textures/Trees/tex_birchbark_n.uasset" 628
"../../../HouseOfHorrors/Content/Material/Child_Material/M_birchbark_Inst.uasset" 629
"../../../HouseOfHorrors/Content/Material/Master_Material/M_tree_basic.uasset" 630
"../../../HouseOfHorrors/Content/Textures/Trees/tex_leaves_diff.uasset" 631
"../../../HouseOfHorrors/Content/Material/Child_Material/M_tree_basic_Inst.uasset" 632
"../../../HouseOfHorrors/Content/Meshes/Trees/SM_tree1.uasset" 633
"../../../HouseOfHorrors/Content/Meshes/Trees/SM_tree10.uasset" 634
"../../../HouseOfHorrors/Content/Meshes/Trees/SM_tree2.uasset" 635
"../../../HouseOfHorrors/Content/Meshes/Trees/SM_tree3.uasset" 636
"../../../HouseOfHorrors/Content/Meshes/Trees/SM_tree4.uasset" 637
"../../../HouseOfHorrors/Content/Meshes/Trees/SM_tree5.uasset" 638
"../../../HouseOfHorrors/Content/Meshes/Trees/SM_tree6.uasset" 639
"../../../HouseOfHorrors/Content/Meshes/Trees/SM_tree7.uasset" 640
"../../../HouseOfHorrors/Content/Meshes/Trees/SM_tree8.uasset" 641
"../../../HouseOfHorrors/Content/Meshes/Trees/SM_tree9.uasset" 642
"../../../HouseOfHorrors/Content/HouseOfHorror/HoH_MainLevel.umap" 643
"../../../HouseOfHorrors/Content/HouseOfHorror/Blueprints/Utility/BP_OpenLevel.uasset" 644
"../../../HouseOfHorrors/Content/HouseOfHorror/Materials/M_EmissiveText.uasset" 645
"../../../HouseOfHorrors/Content/HouseOfHorror/Blueprints/Utility/BP_Text_Renderer.uasset" 646
"../../../HouseOfHorrors/Content/HouseOfHorror/HoH_MainMenu_BuiltData.uasset" 647
"../../../HouseOfHorrors/Content/HouseOfHorror/Audio/Ambience/MenuAmbience_Cue.uasset" 648
"../../../HouseOfHorrors/Content/StarterContent/HDRI/HDRI_Epic_Courtyard_Daylight.uasset" 649
"../../../HouseOfHorrors/Content/HouseOfHorror/HoH_MainMenu.umap" 650
"../../../Engine/Content/Maps/Entry.umap" 651
